
============================================================
  YNAI5 Price Alert Check — 2026-03-15 15:12
  CoinGecko: Demo key (30 req/min)
============================================================

  OPN      $0.3350       24h: +3.60%     [OK]

  BTC      $71404.0000   24h: +1.01%     [OK]

  ETH      $2103.2900    24h: +1.25%     [OK]

  SOL      $87.9800      24h: +1.14%     [OK]

  EIGEN    $0.2160       24h: +15.24%    [BIG MOVE] !! EXTREME MOVE

  PENGU    $0.0073       24h: +1.56%     [OK]

  BCH      $461.1800     24h: -0.47%     [*** ALERT ***]
           >> $450 — UP   - Recovery signal, re-evaluate

  BABY     $0.0126       24h: -0.08%     [OK]

============================================================
  PRICE ALERTS FIRED: 1
  BCH: $461.1800 — UP   - Recovery signal, re-evaluate

  BIG MOVES (>8% in 24h):
  EIGEN: $0.2160  +15.24% !! EXTREME MOVE
============================================================


============================================================
  YNAI5 Price Alert Check — 2026-03-15 15:12
  CoinGecko: Demo key (30 req/min)
============================================================

  OPN      $0.3350       24h: +3.60%     [OK]

  BTC      $71404.0000   24h: +1.01%     [OK]

  ETH      $2103.2900    24h: +1.25%     [OK]

  SOL      $87.9800      24h: +1.14%     [OK]

  EIGEN    $0.2160       24h: +15.24%    [BIG MOVE] !! EXTREME MOVE

  PENGU    $0.0073       24h: +1.56%     [OK]

  BCH      $461.1800     24h: -0.47%     [*** ALERT ***]
           >> $450 — UP   - Recovery signal, re-evaluate

  BABY     $0.0126       24h: -0.08%     [OK]

============================================================
  PRICE ALERTS FIRED: 1
  BCH: $461.1800 — UP   - Recovery signal, re-evaluate

  BIG MOVES (>8% in 24h):
  EIGEN: $0.2160  +15.24% !! EXTREME MOVE
============================================================


============================================================
  YNAI5 Price Alert Check — 2026-03-15 20:12
  CoinGecko: Demo key (30 req/min)
============================================================

  OPN      $0.3330       24h: +4.07%     [OK]

  BTC      $72816.0000   24h: +2.48%     [OK]

  ETH      $2179.5100    24h: +4.13%     [OK]

  SOL      $92.7200      24h: +5.32%     [OK]

  EIGEN    $0.2135       24h: +11.07%    [BIG MOVE] !  BIG MOVE

  PENGU    $0.0075       24h: +3.11%     [OK]

  BCH      $469.9800     24h: +0.40%     [*** ALERT ***]
           >> $450 — UP   - Recovery signal, re-evaluate

  BABY     $0.0125       24h: -2.09%     [OK]

============================================================
  PRICE ALERTS FIRED: 1
  BCH: $469.9800 — UP   - Recovery signal, re-evaluate

  BIG MOVES (>8% in 24h):
  EIGEN: $0.2135  +11.07% !  BIG MOVE
============================================================

