
============================================================
  YNAI5 Price Alert Check — 2026-03-18 00:47
  CoinGecko: Demo key (30 req/min)
============================================================

  OPN      $0.3007       24h: -1.42%     [OK]

  BTC      $74251.0000   24h: +0.13%     [OK]

  ETH      $2330.2700    24h: +0.97%     [OK]

  SOL      $94.2000      24h: +0.75%     [OK]

  EIGEN    $0.2176       24h: -6.78%     [OK]

  PENGU    $0.0080       24h: +3.58%     [OK]

  BCH      $470.3900     24h: -0.49%     [*** ALERT ***]
           >> $450 — UP   - Recovery signal, re-evaluate

  BABY     $0.0137       24h: +2.59%     [OK]

============================================================
  PRICE ALERTS FIRED: 1
  BCH: $470.3900 — UP   - Recovery signal, re-evaluate
============================================================


============================================================
  YNAI5 Price Alert Check — 2026-03-18 08:00
  CoinGecko: Demo key (30 req/min)
============================================================

  OPN      $0.2910       24h: -2.34%     [OK]

  BTC      $72954.0000   24h: -1.48%     [OK]

  ETH      $2269.4100    24h: -2.47%     [OK]

  SOL      $92.0200      24h: -1.91%     [OK]

  EIGEN    $0.2120       24h: -5.23%     [OK]

  PENGU    $0.0077       24h: -1.60%     [OK]

  BCH      $462.7600     24h: -2.63%     [*** ALERT ***]
           >> $450 — UP   - Recovery signal, re-evaluate

  BABY     $0.0134       24h: -1.60%     [OK]

============================================================
  PRICE ALERTS FIRED: 1
  BCH: $462.7600 — UP   - Recovery signal, re-evaluate
============================================================

