
============================================================
  YNAI5 Price Alert Check — 2026-04-24 08:02
  CoinGecko: Demo key (30 req/min)
============================================================

  OPN      $0.1992       24h: +15.23%    [BIG MOVE] !! EXTREME MOVE

  BTC      $78248.0000   24h: +0.63%     [OK]

  ETH      $2329.2200    24h: -0.03%     [OK]

  SOL      $86.1600      24h: +0.32%     [OK]

  EIGEN    $0.1836       24h: +2.20%     [OK]

  PENGU    $0.0087       24h: +3.01%     [OK]

  BCH      $457.8800     24h: +0.42%     [*** ALERT ***]
           >> $450 — UP   - Recovery signal, re-evaluate

  BABY     $0.0157       24h: +0.00%     [OK]

============================================================
  PRICE ALERTS FIRED: 1
  BCH: $457.8800 — UP   - Recovery signal, re-evaluate

  BIG MOVES (>8% in 24h):
  OPN: $0.1992  +15.23% !! EXTREME MOVE
============================================================


============================================================
  YNAI5 Price Alert Check — 2026-04-24 08:02
  CoinGecko: Demo key (30 req/min)
============================================================

  OPN      $0.1992       24h: +15.23%    [BIG MOVE] !! EXTREME MOVE

  BTC      $78248.0000   24h: +0.63%     [OK]

  ETH      $2329.2200    24h: -0.03%     [OK]

  SOL      $86.1600      24h: +0.32%     [OK]

  EIGEN    $0.1836       24h: +2.20%     [OK]

  PENGU    $0.0087       24h: +3.01%     [OK]

  BCH      $457.8800     24h: +0.42%     [*** ALERT ***]
           >> $450 — UP   - Recovery signal, re-evaluate

  BABY     $0.0157       24h: +0.00%     [OK]

============================================================
  PRICE ALERTS FIRED: 1
  BCH: $457.8800 — UP   - Recovery signal, re-evaluate

  BIG MOVES (>8% in 24h):
  OPN: $0.1992  +15.23% !! EXTREME MOVE
============================================================


============================================================
  YNAI5 Price Alert Check — 2026-04-24 22:00
  CoinGecko: Demo key (30 req/min)
============================================================

  OPN      $0.2076       24h: +14.39%    [BIG MOVE] !  BIG MOVE

  BTC      $77567.0000   24h: -1.13%     [OK]

  ETH      $2319.1100    24h: -0.61%     [OK]

  SOL      $86.3100      24h: +0.06%     [OK]

  EIGEN    $0.1837       24h: +0.07%     [OK]

  PENGU    $0.0085       24h: -3.36%     [OK]

  BCH      $455.2300     24h: -1.17%     [*** ALERT ***]
           >> $450 — UP   - Recovery signal, re-evaluate

  BABY     $0.0159       24h: +0.44%     [OK]

============================================================
  PRICE ALERTS FIRED: 1
  BCH: $455.2300 — UP   - Recovery signal, re-evaluate

  BIG MOVES (>8% in 24h):
  OPN: $0.2076  +14.39% !  BIG MOVE
============================================================

