
============================================================
  YNAI5 Price Alert Check — 2026-04-23 19:50
  CoinGecko: Demo key (30 req/min)
============================================================

  OPN      $0.1786       24h: -3.04%     [*** ALERT ***]
           >> $0.18 — DOWN - Accumulation zone reached

  BTC      $78273.0000   24h: +0.03%     [OK]

  ETH      $2332.0000    24h: -1.93%     [OK]

  SOL      $86.1600      24h: -0.89%     [OK]

  EIGEN    $0.1836       24h: +0.19%     [OK]

  PENGU    $0.0084       24h: +2.42%     [OK]

  BCH      $460.6100     24h: -0.09%     [*** ALERT ***]
           >> $450 — UP   - Recovery signal, re-evaluate

  BABY     $0.0160       24h: -1.10%     [OK]

============================================================
  PRICE ALERTS FIRED: 2
  OPN: $0.1786 — DOWN - Accumulation zone reached
  BCH: $460.6100 — UP   - Recovery signal, re-evaluate
============================================================


============================================================
  YNAI5 Price Alert Check — 2026-04-23 19:56
  CoinGecko: Demo key (30 req/min)
============================================================

  OPN      $0.1786       24h: -2.89%     [*** ALERT ***]
           >> $0.18 — DOWN - Accumulation zone reached

  BTC      $78265.0000   24h: +0.09%     [OK]

  ETH      $2331.7600    24h: -1.85%     [OK]

  SOL      $86.1100      24h: -0.95%     [OK]

  EIGEN    $0.1835       24h: +0.32%     [OK]

  PENGU    $0.0085       24h: +2.71%     [OK]

  BCH      $460.5100     24h: -0.07%     [*** ALERT ***]
           >> $450 — UP   - Recovery signal, re-evaluate

  BABY     $0.0160       24h: -1.00%     [OK]

============================================================
  PRICE ALERTS FIRED: 2
  OPN: $0.1786 — DOWN - Accumulation zone reached
  BCH: $460.5100 — UP   - Recovery signal, re-evaluate
============================================================

