
============================================================
  YNAI5 Price Alert Check — 2026-03-17 13:32
  CoinGecko: Demo key (30 req/min)
============================================================

  OPN      $0.3004       24h: -5.18%     [OK]

  BTC      $74329.0000   24h: +0.87%     [OK]

  ETH      $2331.2200    24h: +1.09%     [OK]

  SOL      $94.4400      24h: +0.56%     [OK]

  EIGEN    $0.2194       24h: -3.53%     [OK]

  PENGU    $0.0078       24h: -0.83%     [OK]

  BCH      $475.6800     24h: -0.47%     [*** ALERT ***]
           >> $450 — UP   - Recovery signal, re-evaluate

  BABY     $0.0141       24h: -5.78%     [OK]

============================================================
  PRICE ALERTS FIRED: 1
  BCH: $475.6800 — UP   - Recovery signal, re-evaluate
============================================================


============================================================
  YNAI5 Price Alert Check — 2026-03-17 19:04
  CoinGecko: Demo key (30 req/min)
============================================================

  OPN      $0.3011       24h: -7.12%     [OK]

  BTC      $74259.0000   24h: -0.41%     [OK]

  ETH      $2328.2500    24h: -0.85%     [OK]

  SOL      $95.2800      24h: -1.00%     [OK]

  EIGEN    $0.2198       24h: -4.70%     [OK]

  PENGU    $0.0079       24h: -1.28%     [OK]

  BCH      $473.5100     24h: -1.45%     [*** ALERT ***]
           >> $450 — UP   - Recovery signal, re-evaluate

  BABY     $0.0138       24h: +3.33%     [OK]

============================================================
  PRICE ALERTS FIRED: 1
  BCH: $473.5100 — UP   - Recovery signal, re-evaluate
============================================================


============================================================
  YNAI5 Price Alert Check — 2026-03-17 22:54
  CoinGecko: Demo key (30 req/min)
============================================================

  OPN      $0.2986       24h: -6.52%     [OK]

  BTC      $74403.0000   24h: -1.20%     [OK]

  ETH      $2334.3100    24h: -1.00%     [OK]

  SOL      $95.0500      24h: -0.39%     [OK]

  EIGEN    $0.2168       24h: -6.40%     [OK]

  PENGU    $0.0080       24h: -0.66%     [OK]

  BCH      $472.2500     24h: -1.41%     [*** ALERT ***]
           >> $450 — UP   - Recovery signal, re-evaluate

  BABY     $0.0138       24h: +0.96%     [OK]

============================================================
  PRICE ALERTS FIRED: 1
  BCH: $472.2500 — UP   - Recovery signal, re-evaluate
============================================================

