
============================================================
  YNAI5 Price Alert Check — 2026-03-10 01:44
  CoinGecko: Demo key (30 req/min)
============================================================

  OPN      $0.3391       24h: +10.93%    [BIG MOVE] !  BIG MOVE

  BTC      $69950.0000   24h: +3.53%     [OK]

  ETH      $2043.0300    24h: +2.62%     [OK]

  SOL      $86.4900      24h: +3.07%     [OK]

  EIGEN    $0.1826       24h: +0.22%     [OK]

  PENGU    $0.0071       24h: +5.61%     [OK]

  BCH      $447.7300     24h: -0.24%     [OK]

  BABY     [NO DATA — check CoinGecko ID: babylon-2]
============================================================
  No price alert thresholds crossed.

  BIG MOVES (>8% in 24h):
  OPN: $0.3391  +10.93% !  BIG MOVE
============================================================


============================================================
  YNAI5 Price Alert Check — 2026-03-10 01:45
  CoinGecko: Demo key (30 req/min)
============================================================

  OPN      $0.3383       24h: +10.67%    [BIG MOVE] !  BIG MOVE

  BTC      $69944.0000   24h: +3.52%     [OK]

  ETH      $2042.8000    24h: +2.61%     [OK]

  SOL      $86.4900      24h: +3.08%     [OK]

  EIGEN    $0.1826       24h: -0.48%     [OK]

  PENGU    $0.0071       24h: +4.98%     [OK]

  BCH      $447.7200     24h: -0.24%     [OK]

  BABY     $0.0162       24h: +13.64%    [BIG MOVE] !  BIG MOVE

============================================================
  No price alert thresholds crossed.

  BIG MOVES (>8% in 24h):
  OPN: $0.3383  +10.67% !  BIG MOVE
  BABY: $0.0162  +13.64% !  BIG MOVE
============================================================


============================================================
  YNAI5 Price Alert Check — 2026-03-10 15:41
  CoinGecko: Demo key (30 req/min)
============================================================

  OPN      $0.3139       24h: -2.04%     [OK]

  BTC      $69956.0000   24h: +1.35%     [OK]

  ETH      $2033.6600    24h: +0.13%     [OK]

  SOL      $85.8400      24h: -0.50%     [OK]

  EIGEN    $0.1854       24h: -1.81%     [OK]

  PENGU    $0.0070       24h: -1.79%     [OK]

  BCH      $444.6200     24h: -1.63%     [OK]

  BABY     $0.0149       24h: -5.50%     [OK]

============================================================
  No price alert thresholds crossed.
  Market status: normal. No action needed.
============================================================

