
============================================================
  YNAI5 Price Alert Check — 2026-04-26 11:47
  CoinGecko: Demo key (30 req/min)
============================================================

  OPN      $0.1953       24h: +1.58%     [OK]

  BTC      $78035.0000   24h: +0.56%     [OK]

  ETH      $2345.4100    24h: +1.37%     [OK]

  SOL      $86.5000      24h: +0.01%     [OK]

  EIGEN    $0.1821       24h: +1.13%     [OK]

  PENGU    $0.0088       24h: +3.22%     [OK]

  BCH      $451.8900     24h: -0.59%     [*** ALERT ***]
           >> $450 — UP   - Recovery signal, re-evaluate

  BABY     $0.0155       24h: -2.01%     [OK]

============================================================
  PRICE ALERTS FIRED: 1
  BCH: $451.8900 — UP   - Recovery signal, re-evaluate
============================================================


============================================================
  YNAI5 Price Alert Check — 2026-04-26 11:47
  CoinGecko: Demo key (30 req/min)
============================================================

  OPN      $0.1953       24h: +1.58%     [OK]

  BTC      $78035.0000   24h: +0.56%     [OK]

  ETH      $2345.4100    24h: +1.37%     [OK]

  SOL      $86.5000      24h: +0.01%     [OK]

  EIGEN    $0.1821       24h: +1.13%     [OK]

  PENGU    $0.0088       24h: +3.22%     [OK]

  BCH      $451.8900     24h: -0.59%     [*** ALERT ***]
           >> $450 — UP   - Recovery signal, re-evaluate

  BABY     $0.0155       24h: -2.01%     [OK]

============================================================
  PRICE ALERTS FIRED: 1
  BCH: $451.8900 — UP   - Recovery signal, re-evaluate
============================================================

