
============================================================
  YNAI5 Price Alert Check — 2026-03-11 20:39
  CoinGecko: Demo key (30 req/min)
============================================================

  OPN      $0.2950       24h: -4.19%     [OK]

  BTC      $70194.0000   24h: +0.44%     [OK]

  ETH      $2053.1100    24h: +1.02%     [OK]

  SOL      $86.5600      24h: +0.86%     [OK]

  EIGEN    $0.1873       24h: +0.52%     [OK]

  PENGU    $0.0071       24h: +2.32%     [OK]

  BCH      $457.0000     24h: +2.22%     [*** ALERT ***]
           >> $450 — UP   - Recovery signal, re-evaluate

  BABY     $0.0146       24h: +0.23%     [OK]

============================================================
  PRICE ALERTS FIRED: 1
  BCH: $457.0000 — UP   - Recovery signal, re-evaluate
============================================================


============================================================
  YNAI5 Price Alert Check — 2026-03-11 22:00
  CoinGecko: Demo key (30 req/min)
============================================================

  OPN      $0.2995       24h: -3.46%     [OK]

  BTC      $69833.0000   24h: -0.35%     [OK]

  ETH      $2045.7100    24h: +0.48%     [OK]

  SOL      $86.0200      24h: -0.02%     [OK]

  EIGEN    $0.1864       24h: -0.19%     [OK]

  PENGU    $0.0071       24h: +1.49%     [OK]

  BCH      $456.0600     24h: +1.86%     [*** ALERT ***]
           >> $450 — UP   - Recovery signal, re-evaluate

  BABY     $0.0146       24h: -3.61%     [OK]

============================================================
  PRICE ALERTS FIRED: 1
  BCH: $456.0600 — UP   - Recovery signal, re-evaluate
============================================================

