
============================================================
  YNAI5 Price Alert Check — 2026-03-16 08:47
  CoinGecko: Demo key (30 req/min)
============================================================

  OPN      $0.3317       24h: +5.06%     [OK]

  BTC      $73844.0000   24h: +3.09%     [OK]

  ETH      $2283.6500    24h: +8.17%     [BIG MOVE] !  BIG MOVE

  SOL      $93.8700      24h: +6.32%     [OK]

  EIGEN    $0.2194       24h: +6.57%     [OK]

  PENGU    $0.0080       24h: +7.98%     [OK]

  BCH      $475.0500     24h: +1.79%     [*** ALERT ***]
           >> $450 — UP   - Recovery signal, re-evaluate

  BABY     $0.0140       24h: +8.82%     [BIG MOVE] !  BIG MOVE

============================================================
  PRICE ALERTS FIRED: 1
  BCH: $475.0500 — UP   - Recovery signal, re-evaluate

  BIG MOVES (>8% in 24h):
  ETH: $2283.6500  +8.17% !  BIG MOVE
  BABY: $0.0140  +8.82% !  BIG MOVE
============================================================


============================================================
  YNAI5 Price Alert Check — 2026-03-16 08:47
  CoinGecko: Demo key (30 req/min)
============================================================

  OPN      $0.3317       24h: +5.06%     [OK]

  BTC      $73844.0000   24h: +3.09%     [OK]

  ETH      $2283.6500    24h: +8.17%     [BIG MOVE] !  BIG MOVE

  SOL      $93.8700      24h: +6.32%     [OK]

  EIGEN    $0.2194       24h: +6.57%     [OK]

  PENGU    $0.0080       24h: +7.98%     [OK]

  BCH      $475.0500     24h: +1.79%     [*** ALERT ***]
           >> $450 — UP   - Recovery signal, re-evaluate

  BABY     $0.0140       24h: +8.82%     [BIG MOVE] !  BIG MOVE

============================================================
  PRICE ALERTS FIRED: 1
  BCH: $475.0500 — UP   - Recovery signal, re-evaluate

  BIG MOVES (>8% in 24h):
  ETH: $2283.6500  +8.17% !  BIG MOVE
  BABY: $0.0140  +8.82% !  BIG MOVE
============================================================

